Determining if the pthread_create exist failed with the following output:
Change Dir: /home/halil/Documents/sim_ws/build/panel_base_description/CMakeFiles/CMakeTmp

Run Build Command:"/usr/bin/make" "cmTC_33e6b/fast"
/usr/bin/make -f CMakeFiles/cmTC_33e6b.dir/build.make CMakeFiles/cmTC_33e6b.dir/build
make[1]: Entering directory '/home/halil/Documents/sim_ws/build/panel_base_description/CMakeFiles/CMakeTmp'
Building C object CMakeFiles/cmTC_33e6b.dir/CheckSymbolExists.c.o
/usr/bin/cc    -o CMakeFiles/cmTC_33e6b.dir/CheckSymbolExists.c.o   -c /home/halil/Documents/sim_ws/build/panel_base_description/CMakeFiles/CMakeTmp/CheckSymbolExists.c
Linking C executable cmTC_33e6b
/usr/bin/cmake -E cmake_link_script CMakeFiles/cmTC_33e6b.dir/link.txt --verbose=1
/usr/bin/cc      -rdynamic CMakeFiles/cmTC_33e6b.dir/CheckSymbolExists.c.o  -o cmTC_33e6b 
CMakeFiles/cmTC_33e6b.dir/CheckSymbolExists.c.o: In function `main':
CheckSymbolExists.c:(.text+0x1b): undefined reference to `pthread_create'
collect2: error: ld returned 1 exit status
CMakeFiles/cmTC_33e6b.dir/build.make:97: recipe for target 'cmTC_33e6b' failed
make[1]: *** [cmTC_33e6b] Error 1
make[1]: Leaving directory '/home/halil/Documents/sim_ws/build/panel_base_description/CMakeFiles/CMakeTmp'
Makefile:126: recipe for target 'cmTC_33e6b/fast' failed
make: *** [cmTC_33e6b/fast] Error 2

File /home/halil/Documents/sim_ws/build/panel_base_description/CMakeFiles/CMakeTmp/CheckSymbolExists.c:
/* */
#include <pthread.h>

int main(int argc, char** argv)
{
  (void)argv;
#ifndef pthread_create
  return ((int*)(&pthread_create))[argc];
#else
  (void)argc;
  return 0;
#endif
}

Determining if the function pthread_create exists in the pthreads failed with the following output:
Change Dir: /home/halil/Documents/sim_ws/build/panel_base_description/CMakeFiles/CMakeTmp

Run Build Command:"/usr/bin/make" "cmTC_1570a/fast"
/usr/bin/make -f CMakeFiles/cmTC_1570a.dir/build.make CMakeFiles/cmTC_1570a.dir/build
make[1]: Entering directory '/home/halil/Documents/sim_ws/build/panel_base_description/CMakeFiles/CMakeTmp'
Building C object CMakeFiles/cmTC_1570a.dir/CheckFunctionExists.c.o
/usr/bin/cc   -DCHECK_FUNCTION_EXISTS=pthread_create   -o CMakeFiles/cmTC_1570a.dir/CheckFunctionExists.c.o   -c /usr/share/cmake-3.10/Modules/CheckFunctionExists.c
Linking C executable cmTC_1570a
/usr/bin/cmake -E cmake_link_script CMakeFiles/cmTC_1570a.dir/link.txt --verbose=1
/usr/bin/cc  -DCHECK_FUNCTION_EXISTS=pthread_create    -rdynamic CMakeFiles/cmTC_1570a.dir/CheckFunctionExists.c.o  -o cmTC_1570a -lpthreads 
/usr/bin/ld: cannot find -lpthreads
collect2: error: ld returned 1 exit status
CMakeFiles/cmTC_1570a.dir/build.make:97: recipe for target 'cmTC_1570a' failed
make[1]: *** [cmTC_1570a] Error 1
make[1]: Leaving directory '/home/halil/Documents/sim_ws/build/panel_base_description/CMakeFiles/CMakeTmp'
Makefile:126: recipe for target 'cmTC_1570a/fast' failed
make: *** [cmTC_1570a/fast] Error 2


