Determining if the pthread_create exist failed with the following output:
Change Dir: /home/halil/Documents/sim_ws/build/robot_drive/CMakeFiles/CMakeTmp

Run Build Command:"/usr/bin/make" "cmTC_dff6f/fast"
/usr/bin/make -f CMakeFiles/cmTC_dff6f.dir/build.make CMakeFiles/cmTC_dff6f.dir/build
make[1]: Entering directory '/home/halil/Documents/sim_ws/build/robot_drive/CMakeFiles/CMakeTmp'
Building C object CMakeFiles/cmTC_dff6f.dir/CheckSymbolExists.c.o
/usr/bin/cc    -o CMakeFiles/cmTC_dff6f.dir/CheckSymbolExists.c.o   -c /home/halil/Documents/sim_ws/build/robot_drive/CMakeFiles/CMakeTmp/CheckSymbolExists.c
Linking C executable cmTC_dff6f
/usr/bin/cmake -E cmake_link_script CMakeFiles/cmTC_dff6f.dir/link.txt --verbose=1
/usr/bin/cc      -rdynamic CMakeFiles/cmTC_dff6f.dir/CheckSymbolExists.c.o  -o cmTC_dff6f 
CMakeFiles/cmTC_dff6f.dir/CheckSymbolExists.c.o: In function `main':
CheckSymbolExists.c:(.text+0x1b): undefined reference to `pthread_create'
collect2: error: ld returned 1 exit status
CMakeFiles/cmTC_dff6f.dir/build.make:97: recipe for target 'cmTC_dff6f' failed
make[1]: *** [cmTC_dff6f] Error 1
make[1]: Leaving directory '/home/halil/Documents/sim_ws/build/robot_drive/CMakeFiles/CMakeTmp'
Makefile:126: recipe for target 'cmTC_dff6f/fast' failed
make: *** [cmTC_dff6f/fast] Error 2

File /home/halil/Documents/sim_ws/build/robot_drive/CMakeFiles/CMakeTmp/CheckSymbolExists.c:
/* */
#include <pthread.h>

int main(int argc, char** argv)
{
  (void)argv;
#ifndef pthread_create
  return ((int*)(&pthread_create))[argc];
#else
  (void)argc;
  return 0;
#endif
}

Determining if the function pthread_create exists in the pthreads failed with the following output:
Change Dir: /home/halil/Documents/sim_ws/build/robot_drive/CMakeFiles/CMakeTmp

Run Build Command:"/usr/bin/make" "cmTC_9501d/fast"
/usr/bin/make -f CMakeFiles/cmTC_9501d.dir/build.make CMakeFiles/cmTC_9501d.dir/build
make[1]: Entering directory '/home/halil/Documents/sim_ws/build/robot_drive/CMakeFiles/CMakeTmp'
Building C object CMakeFiles/cmTC_9501d.dir/CheckFunctionExists.c.o
/usr/bin/cc   -DCHECK_FUNCTION_EXISTS=pthread_create   -o CMakeFiles/cmTC_9501d.dir/CheckFunctionExists.c.o   -c /usr/share/cmake-3.10/Modules/CheckFunctionExists.c
Linking C executable cmTC_9501d
/usr/bin/cmake -E cmake_link_script CMakeFiles/cmTC_9501d.dir/link.txt --verbose=1
/usr/bin/cc  -DCHECK_FUNCTION_EXISTS=pthread_create    -rdynamic CMakeFiles/cmTC_9501d.dir/CheckFunctionExists.c.o  -o cmTC_9501d -lpthreads 
/usr/bin/ld: cannot find -lpthreads
collect2: error: ld returned 1 exit status
CMakeFiles/cmTC_9501d.dir/build.make:97: recipe for target 'cmTC_9501d' failed
make[1]: *** [cmTC_9501d] Error 1
make[1]: Leaving directory '/home/halil/Documents/sim_ws/build/robot_drive/CMakeFiles/CMakeTmp'
Makefile:126: recipe for target 'cmTC_9501d/fast' failed
make: *** [cmTC_9501d/fast] Error 2


