Determining if the pthread_create exist failed with the following output:
Change Dir: /home/halil/Documents/sim_ws/build/catkin_tools_prebuild/CMakeFiles/CMakeTmp

Run Build Command:"/usr/bin/make" "cmTC_310e1/fast"
/usr/bin/make -f CMakeFiles/cmTC_310e1.dir/build.make CMakeFiles/cmTC_310e1.dir/build
make[1]: Entering directory '/home/halil/Documents/sim_ws/build/catkin_tools_prebuild/CMakeFiles/CMakeTmp'
Building C object CMakeFiles/cmTC_310e1.dir/CheckSymbolExists.c.o
/usr/bin/cc    -o CMakeFiles/cmTC_310e1.dir/CheckSymbolExists.c.o   -c /home/halil/Documents/sim_ws/build/catkin_tools_prebuild/CMakeFiles/CMakeTmp/CheckSymbolExists.c
Linking C executable cmTC_310e1
/usr/bin/cmake -E cmake_link_script CMakeFiles/cmTC_310e1.dir/link.txt --verbose=1
/usr/bin/cc      -rdynamic CMakeFiles/cmTC_310e1.dir/CheckSymbolExists.c.o  -o cmTC_310e1 
CMakeFiles/cmTC_310e1.dir/CheckSymbolExists.c.o: In function `main':
CheckSymbolExists.c:(.text+0x1b): undefined reference to `pthread_create'
collect2: error: ld returned 1 exit status
CMakeFiles/cmTC_310e1.dir/build.make:97: recipe for target 'cmTC_310e1' failed
make[1]: *** [cmTC_310e1] Error 1
make[1]: Leaving directory '/home/halil/Documents/sim_ws/build/catkin_tools_prebuild/CMakeFiles/CMakeTmp'
Makefile:126: recipe for target 'cmTC_310e1/fast' failed
make: *** [cmTC_310e1/fast] Error 2

File /home/halil/Documents/sim_ws/build/catkin_tools_prebuild/CMakeFiles/CMakeTmp/CheckSymbolExists.c:
/* */
#include <pthread.h>

int main(int argc, char** argv)
{
  (void)argv;
#ifndef pthread_create
  return ((int*)(&pthread_create))[argc];
#else
  (void)argc;
  return 0;
#endif
}

Determining if the function pthread_create exists in the pthreads failed with the following output:
Change Dir: /home/halil/Documents/sim_ws/build/catkin_tools_prebuild/CMakeFiles/CMakeTmp

Run Build Command:"/usr/bin/make" "cmTC_707a8/fast"
/usr/bin/make -f CMakeFiles/cmTC_707a8.dir/build.make CMakeFiles/cmTC_707a8.dir/build
make[1]: Entering directory '/home/halil/Documents/sim_ws/build/catkin_tools_prebuild/CMakeFiles/CMakeTmp'
Building C object CMakeFiles/cmTC_707a8.dir/CheckFunctionExists.c.o
/usr/bin/cc   -DCHECK_FUNCTION_EXISTS=pthread_create   -o CMakeFiles/cmTC_707a8.dir/CheckFunctionExists.c.o   -c /usr/share/cmake-3.10/Modules/CheckFunctionExists.c
Linking C executable cmTC_707a8
/usr/bin/cmake -E cmake_link_script CMakeFiles/cmTC_707a8.dir/link.txt --verbose=1
/usr/bin/cc  -DCHECK_FUNCTION_EXISTS=pthread_create    -rdynamic CMakeFiles/cmTC_707a8.dir/CheckFunctionExists.c.o  -o cmTC_707a8 -lpthreads 
/usr/bin/ld: cannot find -lpthreads
collect2: error: ld returned 1 exit status
CMakeFiles/cmTC_707a8.dir/build.make:97: recipe for target 'cmTC_707a8' failed
make[1]: *** [cmTC_707a8] Error 1
make[1]: Leaving directory '/home/halil/Documents/sim_ws/build/catkin_tools_prebuild/CMakeFiles/CMakeTmp'
Makefile:126: recipe for target 'cmTC_707a8/fast' failed
make: *** [cmTC_707a8/fast] Error 2


