Determining if the pthread_create exist failed with the following output:
Change Dir: /home/halil/Documents/sim_ws/build/blender_gazebo/CMakeFiles/CMakeTmp

Run Build Command:"/usr/bin/make" "cmTC_fb7ce/fast"
/usr/bin/make -f CMakeFiles/cmTC_fb7ce.dir/build.make CMakeFiles/cmTC_fb7ce.dir/build
make[1]: Entering directory '/home/halil/Documents/sim_ws/build/blender_gazebo/CMakeFiles/CMakeTmp'
Building C object CMakeFiles/cmTC_fb7ce.dir/CheckSymbolExists.c.o
/usr/bin/cc    -o CMakeFiles/cmTC_fb7ce.dir/CheckSymbolExists.c.o   -c /home/halil/Documents/sim_ws/build/blender_gazebo/CMakeFiles/CMakeTmp/CheckSymbolExists.c
Linking C executable cmTC_fb7ce
/usr/bin/cmake -E cmake_link_script CMakeFiles/cmTC_fb7ce.dir/link.txt --verbose=1
/usr/bin/cc      -rdynamic CMakeFiles/cmTC_fb7ce.dir/CheckSymbolExists.c.o  -o cmTC_fb7ce 
CMakeFiles/cmTC_fb7ce.dir/CheckSymbolExists.c.o: In function `main':
CheckSymbolExists.c:(.text+0x1b): undefined reference to `pthread_create'
collect2: error: ld returned 1 exit status
CMakeFiles/cmTC_fb7ce.dir/build.make:97: recipe for target 'cmTC_fb7ce' failed
make[1]: *** [cmTC_fb7ce] Error 1
make[1]: Leaving directory '/home/halil/Documents/sim_ws/build/blender_gazebo/CMakeFiles/CMakeTmp'
Makefile:126: recipe for target 'cmTC_fb7ce/fast' failed
make: *** [cmTC_fb7ce/fast] Error 2

File /home/halil/Documents/sim_ws/build/blender_gazebo/CMakeFiles/CMakeTmp/CheckSymbolExists.c:
/* */
#include <pthread.h>

int main(int argc, char** argv)
{
  (void)argv;
#ifndef pthread_create
  return ((int*)(&pthread_create))[argc];
#else
  (void)argc;
  return 0;
#endif
}

Determining if the function pthread_create exists in the pthreads failed with the following output:
Change Dir: /home/halil/Documents/sim_ws/build/blender_gazebo/CMakeFiles/CMakeTmp

Run Build Command:"/usr/bin/make" "cmTC_1cbd3/fast"
/usr/bin/make -f CMakeFiles/cmTC_1cbd3.dir/build.make CMakeFiles/cmTC_1cbd3.dir/build
make[1]: Entering directory '/home/halil/Documents/sim_ws/build/blender_gazebo/CMakeFiles/CMakeTmp'
Building C object CMakeFiles/cmTC_1cbd3.dir/CheckFunctionExists.c.o
/usr/bin/cc   -DCHECK_FUNCTION_EXISTS=pthread_create   -o CMakeFiles/cmTC_1cbd3.dir/CheckFunctionExists.c.o   -c /usr/share/cmake-3.10/Modules/CheckFunctionExists.c
Linking C executable cmTC_1cbd3
/usr/bin/cmake -E cmake_link_script CMakeFiles/cmTC_1cbd3.dir/link.txt --verbose=1
/usr/bin/cc  -DCHECK_FUNCTION_EXISTS=pthread_create    -rdynamic CMakeFiles/cmTC_1cbd3.dir/CheckFunctionExists.c.o  -o cmTC_1cbd3 -lpthreads 
/usr/bin/ld: cannot find -lpthreads
collect2: error: ld returned 1 exit status
CMakeFiles/cmTC_1cbd3.dir/build.make:97: recipe for target 'cmTC_1cbd3' failed
make[1]: *** [cmTC_1cbd3] Error 1
make[1]: Leaving directory '/home/halil/Documents/sim_ws/build/blender_gazebo/CMakeFiles/CMakeTmp'
Makefile:126: recipe for target 'cmTC_1cbd3/fast' failed
make: *** [cmTC_1cbd3/fast] Error 2


