Determining if the pthread_create exist failed with the following output:
Change Dir: /home/halil/Documents/sim_ws/build/rover_21_description_d435/CMakeFiles/CMakeTmp

Run Build Command:"/usr/bin/make" "cmTC_c109a/fast"
/usr/bin/make -f CMakeFiles/cmTC_c109a.dir/build.make CMakeFiles/cmTC_c109a.dir/build
make[1]: Entering directory '/home/halil/Documents/sim_ws/build/rover_21_description_d435/CMakeFiles/CMakeTmp'
Building C object CMakeFiles/cmTC_c109a.dir/CheckSymbolExists.c.o
/usr/bin/cc    -o CMakeFiles/cmTC_c109a.dir/CheckSymbolExists.c.o   -c /home/halil/Documents/sim_ws/build/rover_21_description_d435/CMakeFiles/CMakeTmp/CheckSymbolExists.c
Linking C executable cmTC_c109a
/usr/bin/cmake -E cmake_link_script CMakeFiles/cmTC_c109a.dir/link.txt --verbose=1
/usr/bin/cc      -rdynamic CMakeFiles/cmTC_c109a.dir/CheckSymbolExists.c.o  -o cmTC_c109a 
CMakeFiles/cmTC_c109a.dir/CheckSymbolExists.c.o: In function `main':
CheckSymbolExists.c:(.text+0x1b): undefined reference to `pthread_create'
collect2: error: ld returned 1 exit status
CMakeFiles/cmTC_c109a.dir/build.make:97: recipe for target 'cmTC_c109a' failed
make[1]: *** [cmTC_c109a] Error 1
make[1]: Leaving directory '/home/halil/Documents/sim_ws/build/rover_21_description_d435/CMakeFiles/CMakeTmp'
Makefile:126: recipe for target 'cmTC_c109a/fast' failed
make: *** [cmTC_c109a/fast] Error 2

File /home/halil/Documents/sim_ws/build/rover_21_description_d435/CMakeFiles/CMakeTmp/CheckSymbolExists.c:
/* */
#include <pthread.h>

int main(int argc, char** argv)
{
  (void)argv;
#ifndef pthread_create
  return ((int*)(&pthread_create))[argc];
#else
  (void)argc;
  return 0;
#endif
}

Determining if the function pthread_create exists in the pthreads failed with the following output:
Change Dir: /home/halil/Documents/sim_ws/build/rover_21_description_d435/CMakeFiles/CMakeTmp

Run Build Command:"/usr/bin/make" "cmTC_2de6c/fast"
/usr/bin/make -f CMakeFiles/cmTC_2de6c.dir/build.make CMakeFiles/cmTC_2de6c.dir/build
make[1]: Entering directory '/home/halil/Documents/sim_ws/build/rover_21_description_d435/CMakeFiles/CMakeTmp'
Building C object CMakeFiles/cmTC_2de6c.dir/CheckFunctionExists.c.o
/usr/bin/cc   -DCHECK_FUNCTION_EXISTS=pthread_create   -o CMakeFiles/cmTC_2de6c.dir/CheckFunctionExists.c.o   -c /usr/share/cmake-3.10/Modules/CheckFunctionExists.c
Linking C executable cmTC_2de6c
/usr/bin/cmake -E cmake_link_script CMakeFiles/cmTC_2de6c.dir/link.txt --verbose=1
/usr/bin/cc  -DCHECK_FUNCTION_EXISTS=pthread_create    -rdynamic CMakeFiles/cmTC_2de6c.dir/CheckFunctionExists.c.o  -o cmTC_2de6c -lpthreads 
/usr/bin/ld: cannot find -lpthreads
collect2: error: ld returned 1 exit status
CMakeFiles/cmTC_2de6c.dir/build.make:97: recipe for target 'cmTC_2de6c' failed
make[1]: *** [cmTC_2de6c] Error 1
make[1]: Leaving directory '/home/halil/Documents/sim_ws/build/rover_21_description_d435/CMakeFiles/CMakeTmp'
Makefile:126: recipe for target 'cmTC_2de6c/fast' failed
make: *** [cmTC_2de6c/fast] Error 2


