Determining if the pthread_create exist failed with the following output:
Change Dir: /home/halil/Documents/sim_ws/build/rover_21_description_zed/CMakeFiles/CMakeTmp

Run Build Command:"/usr/bin/make" "cmTC_cc1eb/fast"
/usr/bin/make -f CMakeFiles/cmTC_cc1eb.dir/build.make CMakeFiles/cmTC_cc1eb.dir/build
make[1]: Entering directory '/home/halil/Documents/sim_ws/build/rover_21_description_zed/CMakeFiles/CMakeTmp'
Building C object CMakeFiles/cmTC_cc1eb.dir/CheckSymbolExists.c.o
/usr/bin/cc    -o CMakeFiles/cmTC_cc1eb.dir/CheckSymbolExists.c.o   -c /home/halil/Documents/sim_ws/build/rover_21_description_zed/CMakeFiles/CMakeTmp/CheckSymbolExists.c
Linking C executable cmTC_cc1eb
/usr/bin/cmake -E cmake_link_script CMakeFiles/cmTC_cc1eb.dir/link.txt --verbose=1
/usr/bin/cc      -rdynamic CMakeFiles/cmTC_cc1eb.dir/CheckSymbolExists.c.o  -o cmTC_cc1eb 
CMakeFiles/cmTC_cc1eb.dir/CheckSymbolExists.c.o: In function `main':
CheckSymbolExists.c:(.text+0x1b): undefined reference to `pthread_create'
collect2: error: ld returned 1 exit status
CMakeFiles/cmTC_cc1eb.dir/build.make:97: recipe for target 'cmTC_cc1eb' failed
make[1]: *** [cmTC_cc1eb] Error 1
make[1]: Leaving directory '/home/halil/Documents/sim_ws/build/rover_21_description_zed/CMakeFiles/CMakeTmp'
Makefile:126: recipe for target 'cmTC_cc1eb/fast' failed
make: *** [cmTC_cc1eb/fast] Error 2

File /home/halil/Documents/sim_ws/build/rover_21_description_zed/CMakeFiles/CMakeTmp/CheckSymbolExists.c:
/* */
#include <pthread.h>

int main(int argc, char** argv)
{
  (void)argv;
#ifndef pthread_create
  return ((int*)(&pthread_create))[argc];
#else
  (void)argc;
  return 0;
#endif
}

Determining if the function pthread_create exists in the pthreads failed with the following output:
Change Dir: /home/halil/Documents/sim_ws/build/rover_21_description_zed/CMakeFiles/CMakeTmp

Run Build Command:"/usr/bin/make" "cmTC_bb977/fast"
/usr/bin/make -f CMakeFiles/cmTC_bb977.dir/build.make CMakeFiles/cmTC_bb977.dir/build
make[1]: Entering directory '/home/halil/Documents/sim_ws/build/rover_21_description_zed/CMakeFiles/CMakeTmp'
Building C object CMakeFiles/cmTC_bb977.dir/CheckFunctionExists.c.o
/usr/bin/cc   -DCHECK_FUNCTION_EXISTS=pthread_create   -o CMakeFiles/cmTC_bb977.dir/CheckFunctionExists.c.o   -c /usr/share/cmake-3.10/Modules/CheckFunctionExists.c
Linking C executable cmTC_bb977
/usr/bin/cmake -E cmake_link_script CMakeFiles/cmTC_bb977.dir/link.txt --verbose=1
/usr/bin/cc  -DCHECK_FUNCTION_EXISTS=pthread_create    -rdynamic CMakeFiles/cmTC_bb977.dir/CheckFunctionExists.c.o  -o cmTC_bb977 -lpthreads 
/usr/bin/ld: cannot find -lpthreads
collect2: error: ld returned 1 exit status
CMakeFiles/cmTC_bb977.dir/build.make:97: recipe for target 'cmTC_bb977' failed
make[1]: *** [cmTC_bb977] Error 1
make[1]: Leaving directory '/home/halil/Documents/sim_ws/build/rover_21_description_zed/CMakeFiles/CMakeTmp'
Makefile:126: recipe for target 'cmTC_bb977/fast' failed
make: *** [cmTC_bb977/fast] Error 2


