Determining if the pthread_create exist failed with the following output:
Change Dir: /home/halil/Documents/sim_ws/build/interactive_marker_twist_server/CMakeFiles/CMakeTmp

Run Build Command:"/usr/bin/make" "cmTC_47f5f/fast"
/usr/bin/make -f CMakeFiles/cmTC_47f5f.dir/build.make CMakeFiles/cmTC_47f5f.dir/build
make[1]: Entering directory '/home/halil/Documents/sim_ws/build/interactive_marker_twist_server/CMakeFiles/CMakeTmp'
Building C object CMakeFiles/cmTC_47f5f.dir/CheckSymbolExists.c.o
/usr/bin/cc    -o CMakeFiles/cmTC_47f5f.dir/CheckSymbolExists.c.o   -c /home/halil/Documents/sim_ws/build/interactive_marker_twist_server/CMakeFiles/CMakeTmp/CheckSymbolExists.c
Linking C executable cmTC_47f5f
/usr/bin/cmake -E cmake_link_script CMakeFiles/cmTC_47f5f.dir/link.txt --verbose=1
/usr/bin/cc      -rdynamic CMakeFiles/cmTC_47f5f.dir/CheckSymbolExists.c.o  -o cmTC_47f5f 
CMakeFiles/cmTC_47f5f.dir/CheckSymbolExists.c.o: In function `main':
CheckSymbolExists.c:(.text+0x1b): undefined reference to `pthread_create'
collect2: error: ld returned 1 exit status
CMakeFiles/cmTC_47f5f.dir/build.make:97: recipe for target 'cmTC_47f5f' failed
make[1]: *** [cmTC_47f5f] Error 1
make[1]: Leaving directory '/home/halil/Documents/sim_ws/build/interactive_marker_twist_server/CMakeFiles/CMakeTmp'
Makefile:126: recipe for target 'cmTC_47f5f/fast' failed
make: *** [cmTC_47f5f/fast] Error 2

File /home/halil/Documents/sim_ws/build/interactive_marker_twist_server/CMakeFiles/CMakeTmp/CheckSymbolExists.c:
/* */
#include <pthread.h>

int main(int argc, char** argv)
{
  (void)argv;
#ifndef pthread_create
  return ((int*)(&pthread_create))[argc];
#else
  (void)argc;
  return 0;
#endif
}

Determining if the function pthread_create exists in the pthreads failed with the following output:
Change Dir: /home/halil/Documents/sim_ws/build/interactive_marker_twist_server/CMakeFiles/CMakeTmp

Run Build Command:"/usr/bin/make" "cmTC_380e4/fast"
/usr/bin/make -f CMakeFiles/cmTC_380e4.dir/build.make CMakeFiles/cmTC_380e4.dir/build
make[1]: Entering directory '/home/halil/Documents/sim_ws/build/interactive_marker_twist_server/CMakeFiles/CMakeTmp'
Building C object CMakeFiles/cmTC_380e4.dir/CheckFunctionExists.c.o
/usr/bin/cc   -DCHECK_FUNCTION_EXISTS=pthread_create   -o CMakeFiles/cmTC_380e4.dir/CheckFunctionExists.c.o   -c /usr/share/cmake-3.10/Modules/CheckFunctionExists.c
Linking C executable cmTC_380e4
/usr/bin/cmake -E cmake_link_script CMakeFiles/cmTC_380e4.dir/link.txt --verbose=1
/usr/bin/cc  -DCHECK_FUNCTION_EXISTS=pthread_create    -rdynamic CMakeFiles/cmTC_380e4.dir/CheckFunctionExists.c.o  -o cmTC_380e4 -lpthreads 
/usr/bin/ld: cannot find -lpthreads
collect2: error: ld returned 1 exit status
CMakeFiles/cmTC_380e4.dir/build.make:97: recipe for target 'cmTC_380e4' failed
make[1]: *** [cmTC_380e4] Error 1
make[1]: Leaving directory '/home/halil/Documents/sim_ws/build/interactive_marker_twist_server/CMakeFiles/CMakeTmp'
Makefile:126: recipe for target 'cmTC_380e4/fast' failed
make: *** [cmTC_380e4/fast] Error 2


